<?xml version="1.0" encoding="UTF-8"?>
<!-- Generated by org.testng.reporters.JUnitXMLReporter -->
<testsuite ignored="3" hostname="TejalShinde" failures="1" tests="1" name="Test" time="9.26" errors="0" timestamp="2023-11-08T14:03:52 IST">
  <testcase classname="testClass.GetEpayLoginTest" name="login2" time="0.016">
    <failure type="java.lang.NullPointerException" message="Cannot invoke &amp;quot;pageObjectsPOM.GetEpayLogin.loginWithInvalidCredentials(String, String)&amp;quot; because &amp;quot;this.log&amp;quot; is null">
      <![CDATA[java.lang.NullPointerException: Cannot invoke "pageObjectsPOM.GetEpayLogin.loginWithInvalidCredentials(String, String)" because "this.log" is null
at testClass.GetEpayLoginTest.login2(GetEpayLoginTest.java:39)
at java.base/java.util.ArrayList.forEach(ArrayList.java:1511)
... Removed 27 stack frames]]>
    </failure>
  </testcase> <!-- login2 -->
  <testcase classname="testClass.GetEpayLoginTest" name="login3" time="0.0">
    <ignored/>
  </testcase> <!-- login3 -->
  <testcase classname="testClass.GetEpayLoginTest" name="login1" time="0.0">
    <ignored/>
  </testcase> <!-- login1 -->
  <testcase classname="testClass.GetEpayLoginTest" name="login4" time="0.0">
    <ignored/>
  </testcase> <!-- login4 -->
</testsuite> <!-- Test -->
